30-Jul-22 15:44:54 - Starting new HTTPS connection (1): kalimatimarket.gov.np:443
30-Jul-22 15:44:55 - https://kalimatimarket.gov.np:443 "GET / HTTP/1.1" 200 None
30-Jul-22 15:44:55 - Using proactor: IocpProactor
30-Jul-22 15:45:07 - Using proactor: IocpProactor
08-Aug-22 01:16:28 - Starting new HTTPS connection (1): kalimatimarket.gov.np:443
08-Aug-22 01:16:29 - https://kalimatimarket.gov.np:443 "GET / HTTP/1.1" 200 9887
08-Aug-22 01:16:29 - Using proactor: IocpProactor
08-Aug-22 01:16:50 - Starting new HTTPS connection (1): kalimatimarket.gov.np:443
08-Aug-22 01:16:50 - https://kalimatimarket.gov.np:443 "GET / HTTP/1.1" 200 9887
08-Aug-22 01:16:52 - Starting new HTTPS connection (1): kalimatimarket.gov.np:443
08-Aug-22 01:16:52 - https://kalimatimarket.gov.np:443 "GET / HTTP/1.1" 200 9887
08-Aug-22 01:16:53 - Using proactor: IocpProactor
08-Aug-22 01:17:07 - Starting new HTTPS connection (1): kalimatimarket.gov.np:443
08-Aug-22 01:17:07 - https://kalimatimarket.gov.np:443 "GET / HTTP/1.1" 200 9887
08-Aug-22 01:17:33 - Starting new HTTPS connection (1): kalimatimarket.gov.np:443
08-Aug-22 01:17:33 - https://kalimatimarket.gov.np:443 "GET / HTTP/1.1" 200 9887
08-Aug-22 01:17:33 - Using proactor: IocpProactor
08-Aug-22 01:23:30 - Starting new HTTPS connection (1): kalimatimarket.gov.np:443
08-Aug-22 01:23:30 - https://kalimatimarket.gov.np:443 "GET / HTTP/1.1" 200 9887
08-Aug-22 01:23:48 - Starting new HTTPS connection (1): kalimatimarket.gov.np:443
08-Aug-22 01:23:49 - https://kalimatimarket.gov.np:443 "GET / HTTP/1.1" 200 9887
08-Aug-22 01:23:49 - Using proactor: IocpProactor
08-Aug-22 01:24:03 - Starting new HTTPS connection (1): kalimatimarket.gov.np:443
08-Aug-22 01:24:04 - https://kalimatimarket.gov.np:443 "GET / HTTP/1.1" 200 9887
08-Aug-22 01:24:04 - Using proactor: IocpProactor
08-Aug-22 01:36:30 - Starting new HTTPS connection (1): kalimatimarket.gov.np:443
08-Aug-22 01:36:30 - https://kalimatimarket.gov.np:443 "GET / HTTP/1.1" 200 9887
08-Aug-22 01:36:30 - Using proactor: IocpProactor
08-Aug-22 01:37:54 - Starting new HTTPS connection (1): kalimatimarket.gov.np:443
08-Aug-22 01:37:54 - https://kalimatimarket.gov.np:443 "GET / HTTP/1.1" 200 9887
08-Aug-22 01:37:54 - Using proactor: IocpProactor
08-Aug-22 01:38:35 - Starting new HTTPS connection (1): kalimatimarket.gov.np:443
08-Aug-22 01:38:35 - https://kalimatimarket.gov.np:443 "GET / HTTP/1.1" 200 9887
08-Aug-22 01:38:35 - Using proactor: IocpProactor
08-Aug-22 01:39:42 - Starting new HTTPS connection (1): kalimatimarket.gov.np:443
08-Aug-22 01:39:43 - https://kalimatimarket.gov.np:443 "GET / HTTP/1.1" 200 9887
08-Aug-22 01:39:43 - Using proactor: IocpProactor
08-Aug-22 01:59:12 - Starting new HTTPS connection (1): kalimatimarket.gov.np:443
08-Aug-22 01:59:13 - https://kalimatimarket.gov.np:443 "GET / HTTP/1.1" 200 9887
08-Aug-22 01:59:13 - Using proactor: IocpProactor
08-Aug-22 02:00:15 - Starting new HTTPS connection (1): kalimatimarket.gov.np:443
08-Aug-22 02:00:16 - https://kalimatimarket.gov.np:443 "GET / HTTP/1.1" 200 9887
08-Aug-22 02:00:16 - Using proactor: IocpProactor
08-Aug-22 02:00:59 - Starting new HTTPS connection (1): kalimatimarket.gov.np:443
08-Aug-22 02:00:59 - https://kalimatimarket.gov.np:443 "GET / HTTP/1.1" 200 9887
08-Aug-22 02:00:59 - Using proactor: IocpProactor
08-Aug-22 02:02:15 - Starting new HTTPS connection (1): kalimatimarket.gov.np:443
08-Aug-22 02:02:16 - https://kalimatimarket.gov.np:443 "GET / HTTP/1.1" 200 9887
08-Aug-22 02:02:16 - Using proactor: IocpProactor
08-Aug-22 02:02:57 - Starting new HTTPS connection (1): kalimatimarket.gov.np:443
08-Aug-22 02:02:58 - https://kalimatimarket.gov.np:443 "GET / HTTP/1.1" 200 9887
08-Aug-22 02:02:58 - Using proactor: IocpProactor
08-Aug-22 02:03:38 - Starting new HTTPS connection (1): kalimatimarket.gov.np:443
08-Aug-22 02:03:38 - https://kalimatimarket.gov.np:443 "GET / HTTP/1.1" 200 9887
08-Aug-22 02:03:38 - Using proactor: IocpProactor
08-Aug-22 02:06:17 - Starting new HTTPS connection (1): kalimatimarket.gov.np:443
08-Aug-22 02:06:18 - https://kalimatimarket.gov.np:443 "GET / HTTP/1.1" 200 9887
08-Aug-22 02:06:18 - Using proactor: IocpProactor
08-Aug-22 02:07:24 - Starting new HTTPS connection (1): kalimatimarket.gov.np:443
08-Aug-22 02:07:24 - https://kalimatimarket.gov.np:443 "GET / HTTP/1.1" 200 9887
08-Aug-22 02:07:24 - Using proactor: IocpProactor
08-Aug-22 02:08:20 - Starting new HTTPS connection (1): kalimatimarket.gov.np:443
08-Aug-22 02:08:21 - https://kalimatimarket.gov.np:443 "GET / HTTP/1.1" 200 9887
08-Aug-22 02:08:21 - Using proactor: IocpProactor
08-Aug-22 02:09:17 - Starting new HTTPS connection (1): kalimatimarket.gov.np:443
08-Aug-22 02:09:17 - https://kalimatimarket.gov.np:443 "GET / HTTP/1.1" 200 9887
08-Aug-22 02:09:17 - Using proactor: IocpProactor
08-Aug-22 02:11:37 - Starting new HTTPS connection (1): kalimatimarket.gov.np:443
08-Aug-22 02:11:37 - https://kalimatimarket.gov.np:443 "GET / HTTP/1.1" 200 9887
08-Aug-22 02:11:37 - Using proactor: IocpProactor
08-Aug-22 02:11:51 - Using proactor: IocpProactor
08-Aug-22 02:14:33 - Starting new HTTPS connection (1): kalimatimarket.gov.np:443
08-Aug-22 02:14:34 - https://kalimatimarket.gov.np:443 "GET / HTTP/1.1" 200 9887
08-Aug-22 02:14:34 - Using proactor: IocpProactor
08-Aug-22 02:17:20 - Starting new HTTPS connection (1): kalimatimarket.gov.np:443
08-Aug-22 02:17:20 - https://kalimatimarket.gov.np:443 "GET / HTTP/1.1" 200 9887
08-Aug-22 02:17:20 - Using proactor: IocpProactor
08-Aug-22 02:17:34 - Using proactor: IocpProactor
08-Aug-22 02:26:18 - Starting new HTTPS connection (1): kalimatimarket.gov.np:443
08-Aug-22 02:26:18 - https://kalimatimarket.gov.np:443 "GET / HTTP/1.1" 200 9887
08-Aug-22 02:26:18 - Using proactor: IocpProactor
08-Aug-22 02:26:33 - Using proactor: IocpProactor
08-Aug-22 02:28:37 - Starting new HTTPS connection (1): kalimatimarket.gov.np:443
08-Aug-22 02:28:37 - https://kalimatimarket.gov.np:443 "GET / HTTP/1.1" 200 9887
08-Aug-22 02:28:37 - Using proactor: IocpProactor
08-Aug-22 02:28:51 - Using proactor: IocpProactor
08-Aug-22 02:39:45 - Starting new HTTPS connection (1): kalimatimarket.gov.np:443
08-Aug-22 02:39:46 - https://kalimatimarket.gov.np:443 "GET / HTTP/1.1" 200 9887
08-Aug-22 02:39:46 - Using proactor: IocpProactor
08-Aug-22 02:40:00 - Using proactor: IocpProactor
08-Aug-22 02:40:44 - Starting new HTTPS connection (1): kalimatimarket.gov.np:443
08-Aug-22 02:40:44 - https://kalimatimarket.gov.np:443 "GET / HTTP/1.1" 200 9887
08-Aug-22 02:40:44 - Using proactor: IocpProactor
08-Aug-22 02:40:59 - Using proactor: IocpProactor
